<?xml version="1.0" encoding="UTF-8"?>
<testsuite name="LaliServer.HelloControllerIT" tests="1" skipped="0" failures="1" errors="0" timestamp="2024-03-29T19:55:38" hostname="URIEL-DELL-XPS" time="0.866">
  <properties/>
  <testcase name="getHello()" classname="LaliServer.HelloControllerIT" time="0.866">
    <failure message="org.opentest4j.AssertionFailedError: &#13;&#10;expected: &#13;&#10;  &quot;Greetings from Spring Boot!&quot;&#13;&#10; but was: &#13;&#10;  &quot;&#13;&#10;  &lt;!DOCTYPE html&gt;&#13;&#10;  &lt;html lang=&quot;en&quot;&gt;&#13;&#10;  &lt;head&gt;&#13;&#10;      &lt;meta charset=&quot;UTF-8&quot;&gt;&#13;&#10;      &lt;meta name=&quot;viewport&quot; content=&quot;width=device-width, initial-scale=1.0&quot;&gt;&#13;&#10;      &lt;title&gt;Citlali y Rodrigo&lt;/title&gt;&#13;&#10;      &lt;link rel=&quot;preconnect&quot; href=&quot;https://fonts.googleapis.com&quot;&gt;&#13;&#10;      &lt;link rel=&quot;preconnect&quot; href=&quot;https://fonts.gstatic.com&quot; crossorigin&gt;&#13;&#10;      &lt;link href=&quot;https://fonts.googleapis.com/css2?family=Inter:wght@100;400&amp;family=Poppins:wght@300&amp;display=swap&quot; rel=&quot;stylesheet&quot;&gt;&#13;&#10;      &lt;link href=&quot;https://fonts.googleapis.com/css2?family=Forum&amp;display=swap&quot; rel=&quot;stylesheet&quot;&gt;&#13;&#10;      &lt;link href=&quot;https://fonts.cdnfonts.com/css/amsterdam-2&quot; rel=&quot;stylesheet&quot;&gt;&#13;&#10;      &lt;link href=&quot;https://fonts.cdnfonts.com/css/angella-white-personal-use-font&quot; rel=&quot;stylesheet&quot;&gt;&#13;&#10;      &lt;link rel=&quot;stylesheet&quot; href=&quot;https://cdnjs.cloudflare.com/ajax/libs/font-awesome/5.13.0/css/all.min.css&quot;&gt;&#13;&#10;      &lt;link href=&quot;https://fonts.googleapis.com/icon?family=Material+Icons&quot; rel=&quot;stylesheet&quot;&gt;&#13;&#10;      &lt;link rel=&quot;stylesheet&quot; media=&quot;only screen and (max-width: 431px)&quot; href=&quot;styles-mobile.css&quot;&gt;&#13;&#10;      &lt;link rel=&quot;stylesheet&quot; media=&quot;only screen and (min-width: 432px)&quot; href=&quot;styles.css&quot;&gt;&#13;&#10;  &lt;/head&gt;&#13;&#10;  &lt;body&gt;  &#13;&#10;      &lt;header id=&quot;inicio&quot;&gt;&#13;&#10;          &lt;div class=&quot;main-image&quot;&gt;&#13;&#10;              &lt;nav&gt;&#13;&#10;                  &lt;div class=&quot;nav-bar&quot;&gt;&#13;&#10;                      &lt;a href=&quot;#inicio&quot; class=&quot;nav-bar-link&quot;&gt;Inicio&lt;/a&gt;&#13;&#10;                      &lt;a href=&quot;#invitacion&quot; class=&quot;nav-bar-link&quot;&gt;Invitación&lt;/a&gt;&#13;&#10;                      &lt;a href=&quot;#nuestra-historia&quot; class=&quot;nav-bar-link&quot;&gt;Nuestra Historia&lt;/a&gt;&#13;&#10;                      &lt;a href=&quot;#guia-del-evento&quot; class=&quot;nav-bar-link&quot;&gt;Guía del evento&lt;/a&gt;&#13;&#10;                      &lt;a href=&quot;#regalos&quot; class=&quot;nav-bar-link&quot;&gt;Mesa de regalos&lt;/a&gt;&#13;&#10;                      &lt;a href=&quot;#asistencia&quot; class=&quot;nav-bar-link&quot;&gt;Confirmar asistencia&lt;/a&gt;&#13;&#10;                  &lt;/div&gt;&#13;&#10;                  &lt;div class=&quot;nav-menu&quot;&gt;&#13;&#10;                      &lt;a href=&quot;#inicio&quot; class=&quot;nav-menu-link&quot;&gt;Inicio&lt;/a&gt;&#13;&#10;                      &lt;a href=&quot;#invitacion&quot; class=&quot;nav-menu-link&quot;&gt;Invitación&lt;/a&gt;&#13;&#10;                      &lt;a href=&quot;#nuestra-historia&quot; class=&quot;nav-menu-link&quot;&gt;Nuestra Historia&lt;/a&gt;&#13;&#10;                      &lt;a href=&quot;#guia-del-evento&quot; class=&quot;nav-menu-link&quot;&gt;Guía del evento&lt;/a&gt;&#13;&#10;                      &lt;a href=&quot;#regalos&quot; class=&quot;nav-menu-link&quot;&gt;Mesa de regalos&lt;/a&gt;&#13;&#10;                      &lt;a href=&quot;#asistencia&quot; class=&quot;nav-menu-link&quot;&gt;Confirmar asistencia&lt;/a&gt;&#13;&#10;                  &lt;/div&gt;    &#13;&#10;                  &lt;button class=&quot;nav-menu-button&quot;&gt;&#13;&#10;                      &lt;i class=&quot;open-menu material-icons&quot;&gt;menu&lt;/i&gt;&#13;&#10;                      &lt;i class=&quot;close-menu material-icons&quot;&gt;close&lt;/i&gt;&#13;&#10;                  &lt;/button&gt;&#13;&#10;              &lt;/nav&gt;&#13;&#10;              &lt;div class=&quot;title&quot;&gt;&#13;&#10;                  &lt;h1&gt;Citlali y Rodrigo&lt;/h1&gt;&#13;&#10;              &lt;/div&gt;&#13;&#10;              &lt;div class=&quot;fecha&quot;&gt;&#13;&#10;                  &lt;div&gt;&lt;/div&gt;&#13;&#10;                  &lt;div&gt;OCTUBRE&lt;/div&gt;&#13;&#10;                  &lt;div&gt;&lt;/div&gt;&#13;&#10;                  &lt;div&gt;Viernes&lt;/div&gt;&#13;&#10;                  &lt;div&gt;4&lt;/div&gt;&#13;&#10;                  &lt;div&gt;2024&lt;/div&gt;&#13;&#10;              &lt;/div&gt;&#13;&#10;              &lt;h3&gt;&#13;&#10;                  &lt;a href=&quot;https://maps.app.goo.gl/wtY4m8RsyVJnbnkT6&quot; class=&quot;button-link&quot; target=&quot;_blank&quot;&gt;Salón de eventos Olimpo&lt;/a&gt;&#13;&#10;                  &lt;a href=&quot;https://maps.app.goo.gl/ooEGKSdMZrsuBchz5&quot; class=&quot;button-link&quot; target=&quot;_blank&quot;&gt;Parroquia San Pablo&lt;/a&gt;&#13;&#10;              &lt;/h3&gt;&#13;&#10;              &lt;div id=&quot;countdown&quot;&gt;&lt;/div&gt;&#13;&#10;              &lt;div class=&quot;music-player&quot;&gt;&#13;&#10;                  &lt;div class=&quot;player-buttons&quot;&gt;&#13;&#10;                      &lt;div class=&quot;prev-track&quot; onclick=&quot;prevTrack()&quot;&gt;&#13;&#10;                          &lt;i class=&quot;fa fa-step-backward fa-2x&quot;&gt;&lt;/i&gt;&#13;&#10;                      &lt;/div&gt;&#13;&#10;                      &lt;div class=&quot;playpause-track&quot; onclick=&quot;playpauseTrack()&quot;&gt;&#13;&#10;                          &lt;i class=&quot;fa fa-play-circle fa-5x&quot;&gt;&lt;/i&gt;&#13;&#10;                      &lt;/div&gt;&#13;&#10;                      &lt;div class=&quot;next-track&quot; onclick=&quot;nextTrack()&quot;&gt;&#13;&#10;                          &lt;i class=&quot;fa fa-step-forward fa-2x&quot;&gt;&lt;/i&gt;&#13;&#10;                      &lt;/div&gt;&#13;&#10;                  &lt;/div&gt;&#13;&#10;                  &lt;div class=&quot;slider_container&quot;&gt;&#13;&#10;                      &lt;div class=&quot;current-time&quot;&gt;00:00&lt;/div&gt;&#13;&#10;                      &lt;input type=&quot;range&quot; min=&quot;1&quot; max=&quot;100&quot; value=&quot;0&quot; class=&quot;seek_slider&quot; onchange=&quot;seekTo()&quot;&gt;&#13;&#10;                      &lt;div class=&quot;total-duration&quot;&gt;00:00&lt;/div&gt;&#13;&#10;                      &lt;i class=&quot;fa fa-volume-down&quot;&gt;&lt;/i&gt;&#13;&#10;                      &lt;input type=&quot;range&quot; min=&quot;1&quot; max=&quot;100&quot; value=&quot;99&quot; class=&quot;volume_slider&quot; onchange=&quot;setVolume()&quot;&gt;&#13;&#10;                      &lt;i class=&quot;fa fa-volume-up&quot;&gt;&lt;/i&gt;&#13;&#10;                  &lt;/div&gt;&#13;&#10;              &lt;/div&gt;&#13;&#10;          &lt;/div&gt;&#13;&#10;      &lt;/header&gt;&#13;&#10;      &lt;main&gt;&#13;&#10;          &lt;nav class=&quot;nav-dark-font&quot;&gt;&#13;&#10;              &lt;div class=&quot;nav-bar&quot;&gt;&#13;&#10;                  &lt;a href=&quot;#inicio&quot; class=&quot;nav-bar-link&quot;&gt;Inicio&lt;/a&gt;&#13;&#10;                  &lt;a href=&quot;#invitacion&quot; class=&quot;nav-bar-link&quot;&gt;Invitación&lt;/a&gt;&#13;&#10;                  &lt;a href=&quot;#nuestra-historia&quot; class=&quot;nav-bar-link&quot;&gt;Nuestra Historia&lt;/a&gt;&#13;&#10;                  &lt;a href=&quot;#guia-del-evento&quot; class=&quot;nav-bar-link&quot;&gt;Guía del evento&lt;/a&gt;&#13;&#10;                  &lt;a href=&quot;#regalos&quot; class=&quot;nav-bar-link&quot;&gt;Mesa de regalos&lt;/a&gt;&#13;&#10;                  &lt;a href=&quot;#asistencia&quot; class=&quot;nav-bar-link&quot;&gt;Confirmar asistencia&lt;/a&gt;&#13;&#10;              &lt;/div&gt;    &#13;&#10;          &lt;/nav&gt;&#13;&#10;          &lt;section id=&quot;invitacion&quot; class=&quot;light-section&quot;&gt;&#13;&#10;              &lt;p class=&quot;quote&quot;&gt;&quot;Las mejores cosas de la vida merecen ser compartidas,&lt;/p&gt;&#13;&#10;              &lt;p class=&quot;quote&quot;&gt;gracias por celebrar con nosotros&quot;&lt;/p&gt;&#13;&#10;              &lt;div id=&quot;invite&quot;&gt;&#13;&#10;                  &lt;div&gt;&#13;&#10;                      &lt;h3&gt;En compañía de nuestros padres&lt;/h3&gt;&#13;&#10;                      &lt;p class=&quot;gente-importante&quot;&gt;Ricardo Uribe Ruiz&lt;/p&gt;&#13;&#10;                      &lt;p class=&quot;gente-importante&quot;&gt;Patricia Vega Vidal&lt;/p&gt;&#13;&#10;                      &lt;hr&gt;&#13;&#10;                      &lt;p class=&quot;gente-importante&quot;&gt;Oscar Ramírez Ramírez&lt;/p&gt;&#13;&#10;                      &lt;p class=&quot;gente-importante&quot;&gt;Leticia Barajas Quiñones&lt;/p&gt;&#13;&#10;                      &lt;h3&gt;Y nuestros padrinos&lt;/h3&gt;&#13;&#10;                      &lt;p class=&quot;gente-importante&quot;&gt;Mauro Salvador Macías Esparza&lt;/p&gt;&#13;&#10;                      &lt;p class=&quot;gente-importante&quot;&gt;Mercedes Cornejo Jauregui&lt;/p&gt;&#13;&#10;                      &lt;h3&gt;Nosotros,&lt;/h3&gt;&#13;&#10;                      &lt;p class=&quot;brides&quot;&gt;Citlali y Rodrigo&lt;/p&gt;&#13;&#10;                      &lt;h3&gt;Deseamos compartir con ustedes&lt;/h3&gt;&#13;&#10;                      &lt;h3&gt;la alegría de nuestro matrimonio&lt;/h3&gt;&#13;&#10;                  &lt;/div&gt;&#13;&#10;              &lt;/div&gt;&#13;&#10;          &lt;/section&gt;&#13;&#10;          &lt;section id=&quot;nuestra-historia&quot; class=&quot;dark-section&quot;&gt;&#13;&#10;              &lt;div id=&quot;gallery&quot;&gt;&#13;&#10;                  &lt;div class=&quot;gallery-column&quot;&gt;                    &#13;&#10;                      &lt;figure class=&quot;gallery-pic&quot; id=&quot;fig1&quot;&gt;&#13;&#10;                          &lt;figcaption&gt;&lt;/figcaption&gt;&#13;&#10;                          &lt;img src=&quot;img/gallery/g1.jpg&quot; alt=&quot;&quot;&gt;&#13;&#10;                      &lt;/figure&gt; &#13;&#10;                      &lt;figure class=&quot;gallery-pic&quot; id=&quot;fig2&quot;&gt;&#13;&#10;                          &lt;figcaption&gt;&lt;/figcaption&gt;&#13;&#10;                          &lt;img src=&quot;img/gallery/g2.jpg&quot; alt=&quot;&quot;&gt;&#13;&#10;                      &lt;/figure&gt;&#13;&#10;                      &lt;figure class=&quot;gallery-pic&quot; id=&quot;fig3&quot;&gt;&#13;&#10;                          &lt;figcaption&gt;&lt;/figcaption&gt;&#13;&#10;                          &lt;img src=&quot;img/gallery/g3.jpg&quot; alt=&quot;&quot;&gt;&#13;&#10;                      &lt;/figure&gt; &#13;&#10;                      &lt;figure class=&quot;gallery-pic&quot; id=&quot;fig4&quot;&gt;&#13;&#10;                          &lt;figcaption&gt;&lt;/figcaption&gt;&#13;&#10;                          &lt;img src=&quot;img/gallery/g4.jpg&quot; alt=&quot;&quot;&gt;&#13;&#10;                      &lt;/figure&gt;&#13;&#10;                  &lt;/div&gt;&#13;&#10;                  &lt;div class=&quot;gallery-column&quot;&gt;&#13;&#10;                      &lt;figure class=&quot;gallery-pic&quot; id=&quot;fig5&quot;&gt;&#13;&#10;                          &lt;figcaption&gt;&lt;/figcaption&gt;&#13;&#10;                          &lt;img src=&quot;img/gallery/g5.jpg&quot; alt=&quot;&quot;&gt;&#13;&#10;                      &lt;/figure&gt;  &#13;&#10;                      &lt;figure class=&quot;gallery-pic&quot; id=&quot;fig6&quot;&gt;&#13;&#10;                          &lt;figcaption&gt;&lt;/figcaption&gt;&#13;&#10;                          &lt;img src=&quot;img/gallery/g6.jpg&quot; alt=&quot;&quot;&gt;&#13;&#10;                      &lt;/figure&gt;&#13;&#10;                      &lt;figure class=&quot;gallery-pic&quot; id=&quot;fig7&quot;&gt;&#13;&#10;                          &lt;figcaption&gt;&lt;/figcaption&gt;&#13;&#10;                          &lt;img src=&quot;img/gallery/g7.jpg&quot; alt=&quot;&quot;&gt;&#13;&#10;                      &lt;/figure&gt;&#13;&#10;                  &lt;/div&gt;&#13;&#10;                  &lt;div class=&quot;gallery-column&quot;&gt;                    &#13;&#10;                      &lt;figure class=&quot;gallery-pic&quot; id=&quot;fig8&quot;&gt;&#13;&#10;                          &lt;figcaption&gt;&lt;/figcaption&gt;&#13;&#10;                          &lt;img src=&quot;img/gallery/g8.jpg&quot; alt=&quot;&quot;&gt;&#13;&#10;                      &lt;/figure&gt;&#13;&#10;                      &lt;figure class=&quot;gallery-pic&quot; id=&quot;fig9&quot;&gt;&#13;&#10;                          &lt;figcaption&gt;&lt;/figcaption&gt;&#13;&#10;                          &lt;img src=&quot;img/gallery/g9.jpg&quot; alt=&quot;&quot;&gt;&#13;&#10;                      &lt;/figure&gt; &#13;&#10;                      &lt;figure class=&quot;gallery-pic&quot; id=&quot;fig10&quot;&gt;&#13;&#10;                          &lt;figcaption&gt;&lt;/figcaption&gt;&#13;&#10;                          &lt;img src=&quot;img/gallery/g10.jpg&quot; alt=&quot;&quot;&gt;&#13;&#10;                      &lt;/figure&gt;&#13;&#10;                      &lt;figure class=&quot;gallery-pic&quot; id=&quot;fig11&quot;&gt;&#13;&#10;                          &lt;figcaption&gt;&lt;/figcaption&gt;&#13;&#10;                          &lt;img src=&quot;img/gallery/g11.jpg&quot; alt=&quot;&quot;&gt;&#13;&#10;                      &lt;/figure&gt;&#13;&#10;                  &lt;/div&gt;                         &#13;&#10;              &lt;/div&gt;&#13;&#10;          &lt;/section&gt;&#13;&#10;          &lt;section id=&quot;guia-del-evento&quot; class=&quot;light-section&quot;&gt;&#13;&#10;              &lt;div id=&quot;timeline&quot;&gt;&#13;&#10;                  &lt;div class=&quot;event&quot;&gt;&#13;&#10;                      &lt;div class=&quot;event-description&quot;&gt;&#13;&#10;                          &lt;h2&gt;7:00 PM&lt;/h2&gt;&#13;&#10;                          &lt;p&gt;Ceremonia&lt;/p&gt;&#13;&#10;                      &lt;/div&gt;&#13;&#10;                      &lt;div&gt;&lt;/div&gt;&lt;div class=&quot;middle-line circle-left&quot;&gt;&#13;&#10;                      &lt;/div&gt;&lt;div&gt;&lt;/div&gt;&#13;&#10;                  &lt;/div&gt;        &#13;&#10;                  &lt;div class=&quot;middle-line&quot;&gt;&lt;/div&gt;&#13;&#10;                  &lt;div class=&quot;event-icon icon-right&quot;&gt;&#13;&#10;                      &lt;img src=&quot;./img/icons/church.png&quot; alt=&quot;&quot;&gt;&#13;&#10;                  &lt;/div&gt;&#13;&#10;                  &lt;div class=&quot;event-icon icon-left&quot;&gt;&#13;&#10;                      &lt;img src=&quot;./img/icons/photo.png&quot; alt=&quot;&quot;&gt;&#13;&#10;                  &lt;/div&gt;&#13;&#10;                  &lt;div class=&quot;middle-line&quot;&gt;&lt;/div&gt;&#13;&#10;                  &lt;div class=&quot;event&quot;&gt;&#13;&#10;                      &lt;div&gt;&lt;/div&gt;&lt;div class=&quot;middle-line circle-right&quot;&gt;&#13;&#10;                      &lt;/div&gt;&lt;div&gt;&lt;/div&gt;  &#13;&#10;                      &lt;div class=&quot;event-description right-text&quot;&gt;&#13;&#10;                          &lt;h2&gt;8:30 PM&lt;/h2&gt;&#13;&#10;                          &lt;p&gt;Fotografías&lt;/p&gt; &#13;&#10;                      &lt;/div&gt;                                     &#13;&#10;                  &lt;/div&gt;&#13;&#10;                  &lt;div class=&quot;event&quot;&gt;&#13;&#10;                      &lt;div class=&quot;event-description&quot;&gt;&#13;&#10;                          &lt;h2&gt;9:00 PM&lt;/h2&gt;&#13;&#10;                          &lt;p&gt;Cocktail&lt;/p&gt;&#13;&#10;                      &lt;/div&gt;&#13;&#10;                      &lt;div&gt;&lt;/div&gt;&lt;div class=&quot;middle-line circle-left&quot;&gt;&#13;&#10;                      &lt;/div&gt;&lt;div&gt;&lt;/div&gt;&#13;&#10;                  &lt;/div&gt;&#13;&#10;                  &lt;div class=&quot;middle-line&quot;&gt;&lt;/div&gt;&#13;&#10;                  &lt;div class=&quot;event-icon icon-right&quot;&gt;&#13;&#10;                      &lt;img src=&quot;./img/icons/cocktail.png&quot; alt=&quot;&quot;&gt;&#13;&#10;                  &lt;/div&gt;&#13;&#10;                  &lt;div class=&quot;event-icon icon-left&quot;&gt;&#13;&#10;                      &lt;img src=&quot;./img/icons/brides.png&quot; alt=&quot;&quot;&gt;&#13;&#10;                  &lt;/div&gt;&#13;&#10;                  &lt;div class=&quot;middle-line&quot;&gt;&lt;/div&gt;&#13;&#10;                  &lt;div class=&quot;event&quot;&gt;&#13;&#10;                      &lt;div&gt;&lt;/div&gt;&lt;div class=&quot;middle-line circle-right&quot;&gt;&#13;&#10;                      &lt;/div&gt;&lt;div&gt;&lt;/div&gt;&#13;&#10;                      &lt;div class=&quot;event-description right-text&quot;&gt;&#13;&#10;                          &lt;h2&gt;9:30 PM&lt;/h2&gt;&#13;&#10;                          &lt;p&gt;Entrada de novios&lt;/p&gt;&#13;&#10;                      &lt;/div&gt;                    &#13;&#10;                  &lt;/div&gt;&#13;&#10;                  &lt;div class=&quot;event&quot;&gt;&#13;&#10;                      &lt;div class=&quot;event-description&quot;&gt;&#13;&#10;                          &lt;h2&gt;9:45 PM&lt;/h2&gt;&#13;&#10;                          &lt;p&gt;Primer baile&lt;/p&gt;&#13;&#10;                      &lt;/div&gt;&#13;&#10;                      &lt;div&gt;&lt;/div&gt;&lt;div class=&quot;middle-line circle-left&quot;&gt;&#13;&#10;                      &lt;/div&gt;&lt;div&gt;&lt;/div&gt;&#13;&#10;                  &lt;/div&gt;&#13;&#10;                  &lt;div class=&quot;middle-line&quot;&gt;&lt;/div&gt;&#13;&#10;                  &lt;div class=&quot;event-icon icon-right&quot;&gt;&#13;&#10;                      &lt;img src=&quot;./img/icons/waltz.png&quot; alt=&quot;&quot;&gt;&#13;&#10;                  &lt;/div&gt;&#13;&#10;                  &lt;div class=&quot;event-icon icon-left&quot;&gt;&#13;&#10;                      &lt;img src=&quot;./img/icons/dinner.png&quot; alt=&quot;&quot;&gt;&#13;&#10;                  &lt;/div&gt;&#13;&#10;                  &lt;div class=&quot;middle-line&quot;&gt;&lt;/div&gt;&#13;&#10;                  &lt;div class=&quot;event&quot;&gt;&#13;&#10;                      &lt;div&gt;&lt;/div&gt;&lt;div class=&quot;middle-line circle-right&quot;&gt;&#13;&#10;                      &lt;/div&gt;&lt;div&gt;&lt;/div&gt;&#13;&#10;                      &lt;div class=&quot;event-description right-text&quot;&gt;&#13;&#10;                          &lt;h2&gt;10:00 PM&lt;/h2&gt;&#13;&#10;                          &lt;p&gt;Cena&lt;/p&gt;&#13;&#10;                      &lt;/div&gt;                    &#13;&#10;                  &lt;/div&gt;&#13;&#10;                  &lt;div class=&quot;event&quot;&gt;&#13;&#10;                      &lt;div class=&quot;event-description&quot;&gt;&#13;&#10;                          &lt;h2&gt;11:00 PM&lt;/h2&gt;&#13;&#10;                          &lt;p&gt;Party&lt;/p&gt;&#13;&#10;                      &lt;/div&gt;&#13;&#10;                      &lt;div&gt;&lt;/div&gt;&lt;div class=&quot;middle-line circle-left&quot;&gt;&#13;&#10;                      &lt;/div&gt;&lt;div&gt;&lt;/div&gt;&#13;&#10;                  &lt;/div&gt;&#13;&#10;                  &lt;div class=&quot;middle-line&quot;&gt;&lt;/div&gt;&#13;&#10;                  &lt;div class=&quot;event-icon icon-right&quot;&gt;&#13;&#10;                      &lt;img src=&quot;./img/icons/party.png&quot; alt=&quot;&quot;&gt;&#13;&#10;                  &lt;/div&gt;&#13;&#10;              &lt;/div&gt;&#13;&#10;          &lt;/section&gt;&#13;&#10;          &lt;section id=&quot;vestimenta&quot; class=&quot;dark-section&quot;&gt;&#13;&#10;              &lt;img src=&quot;./img/codigo-vestimenta.png&quot; alt=&quot;&quot;&gt;&#13;&#10;              &lt;h1&gt;Código de vestimenta formal&lt;/h1&gt;&#13;&#10;              &lt;h2&gt;Mujeres vestido largo&lt;/h2&gt;&#13;&#10;              &lt;h2&gt;Hombres de traje&lt;/h2&gt;&#13;&#10;          &lt;/section&gt;&#13;&#10;          &lt;section id=&quot;regalos&quot; class=&quot;light-section&quot;&gt;&#13;&#10;              &lt;div class=&quot;gift-container&quot;&gt;&#13;&#10;                  &lt;div class=&quot;gifts-icon&quot;&gt;&#13;&#10;                      &lt;img src=&quot;./img/icons/gift.png&quot; alt=&quot;&quot;&gt;&#13;&#10;                  &lt;/div&gt;&#13;&#10;                  &lt;a href=&quot;https://mesaderegalos.liverpool.com.mx/milistaderegalos/51336295&quot; class=&quot;gift-account-icon&quot;&gt;&#13;&#10;                      &lt;img src=&quot;./img/icons/liverpool.png&quot; alt=&quot;&quot;&gt;&#13;&#10;                  &lt;/a&gt;&#13;&#10;                  &lt;a href=&quot;https://mesaderegalos.liverpool.com.mx/milistaderegalos/51336295&quot; class=&quot;gift-account-text&quot;&gt;&#13;&#10;                      Número del evento: 51336295&#13;&#10;                  &lt;/a&gt;&#13;&#10;                  &lt;div class=&quot;gifts-icon&quot;&gt;&#13;&#10;                      &lt;img src=&quot;./img/icons/gift.png&quot; alt=&quot;&quot;&gt;&#13;&#10;                  &lt;/div&gt;&#13;&#10;                  &lt;a href=&quot;https://www.amazon.com.mx/wedding/registry/3JCAZ15Q7ZQOW&quot; class=&quot;gift-account-icon&quot;&gt;&#13;&#10;                      &lt;img src=&quot;./img/icons/amazon.png&quot; alt=&quot;&quot;&gt;&#13;&#10;                  &lt;/a&gt;&#13;&#10;                  &lt;a href=&quot;https://www.amazon.com.mx/wedding/registry/3JCAZ15Q7ZQOW&quot; class=&quot;gift-account-text&quot;&gt;&#13;&#10;                      Lista de regalos&#13;&#10;                  &lt;/a&gt;&#13;&#10;              &lt;/div&gt;&#13;&#10;              &lt;h1&gt;Mesa de regalos&lt;/h1&gt;&#13;&#10;              &lt;p&gt;&#13;&#10;                  Tu presencia es nuestro mayor regalo, pero si deseas obsequiarnos algo,&#13;&#10;                  ponemos a tu disposición algunas sugerencias&#13;&#10;              &lt;/p&gt;&#13;&#10;          &lt;/section&gt;&#13;&#10;          &lt;section id=&quot;asistencia&quot; class=&quot;dark-section&quot;&gt;&#13;&#10;              &lt;h1&gt;Confirma tu asistencia&lt;/h1&gt;&#13;&#10;              &lt;form id=&quot;assistance-form&quot; method=&quot;post&quot; action=&quot;/assistants/add&quot;&gt;&#13;&#10;                  &lt;fieldset&gt;&#13;&#10;                      &lt;label for=&quot;assistant-name&quot;&gt;Nombre de los asistentes&lt;input id=&quot;assistant-name&quot; name=&quot;name&quot; type=&quot;text&quot; placeholder=&quot;Escriba su nombre...&quot; required&gt;&lt;/label&gt;&#13;&#10;                      &lt;label for=&quot;assistant-phone&quot;&gt;Teléfono&lt;input id=&quot;assistant-phone&quot; name=&quot;phone&quot; type=&quot;text&quot; placeholder=&quot;Anote su teléfono...&quot; required&gt;&lt;/label&gt;&#13;&#10;                      &lt;label for=&quot;assistant-confirmation&quot;&gt;Confirmación&#13;&#10;                          &lt;select id=&quot;assistant-confirmation&quot; name=&quot;confirmation&quot; required&gt;&#13;&#10;                              &lt;option value=&quot;&quot;&gt;Seleccione...&lt;/option&gt;&#13;&#10;                              &lt;option value=&quot;Asistiré&quot;&gt;Asistiré&lt;/option&gt;&#13;&#10;                              &lt;option value=&quot;Lo siento, no podremos asistir&quot;&gt;Lo siento, no podremos asistir&lt;/option&gt;&#13;&#10;                          &lt;/select&gt;&#13;&#10;                      &lt;/label&gt;&#13;&#10;                      &lt;label for=&quot;assistant-message&quot;&gt;Mensaje para los novios&#13;&#10;                          &lt;textarea id=&quot;assistant-message&quot; name=&quot;message&quot; rows=&quot;5&quot; cols=&quot;30&quot; placeholder=&quot;Escriba un mensaje...&quot;&gt;&lt;/textarea&gt;&#13;&#10;                      &lt;/label&gt;&#13;&#10;                  &lt;/fieldset&gt;&#13;&#10;                  &lt;input type=&quot;submit&quot; value=&quot;Enviar&quot;&gt;&#13;&#10;              &lt;/form&gt;&#13;&#10;          &lt;/section&gt;&#13;&#10;      &lt;/main&gt;&#13;&#10;  &lt;/body&gt;&#13;&#10;  &lt;script src=&quot;./javascript/nav-menu.js&quot;&gt;&lt;/script&gt;&#13;&#10;  &lt;script src=&quot;./javascript/countdown.js&quot;&gt;&lt;/script&gt;&#13;&#10;  &lt;script src=&quot;./javascript/music-player.js&quot; &gt;&lt;/script&gt;&#13;&#10;  &lt;/html&gt;&quot;" type="org.opentest4j.AssertionFailedError">org.opentest4j.AssertionFailedError: 
expected: 
  &quot;Greetings from Spring Boot!&quot;
 but was: 
  &quot;
  &lt;!DOCTYPE html&gt;
  &lt;html lang=&quot;en&quot;&gt;
  &lt;head&gt;
      &lt;meta charset=&quot;UTF-8&quot;&gt;
      &lt;meta name=&quot;viewport&quot; content=&quot;width=device-width, initial-scale=1.0&quot;&gt;
      &lt;title&gt;Citlali y Rodrigo&lt;/title&gt;
      &lt;link rel=&quot;preconnect&quot; href=&quot;https://fonts.googleapis.com&quot;&gt;
      &lt;link rel=&quot;preconnect&quot; href=&quot;https://fonts.gstatic.com&quot; crossorigin&gt;
      &lt;link href=&quot;https://fonts.googleapis.com/css2?family=Inter:wght@100;400&amp;family=Poppins:wght@300&amp;display=swap&quot; rel=&quot;stylesheet&quot;&gt;
      &lt;link href=&quot;https://fonts.googleapis.com/css2?family=Forum&amp;display=swap&quot; rel=&quot;stylesheet&quot;&gt;
      &lt;link href=&quot;https://fonts.cdnfonts.com/css/amsterdam-2&quot; rel=&quot;stylesheet&quot;&gt;
      &lt;link href=&quot;https://fonts.cdnfonts.com/css/angella-white-personal-use-font&quot; rel=&quot;stylesheet&quot;&gt;
      &lt;link rel=&quot;stylesheet&quot; href=&quot;https://cdnjs.cloudflare.com/ajax/libs/font-awesome/5.13.0/css/all.min.css&quot;&gt;
      &lt;link href=&quot;https://fonts.googleapis.com/icon?family=Material+Icons&quot; rel=&quot;stylesheet&quot;&gt;
      &lt;link rel=&quot;stylesheet&quot; media=&quot;only screen and (max-width: 431px)&quot; href=&quot;styles-mobile.css&quot;&gt;
      &lt;link rel=&quot;stylesheet&quot; media=&quot;only screen and (min-width: 432px)&quot; href=&quot;styles.css&quot;&gt;
  &lt;/head&gt;
  &lt;body&gt;  
      &lt;header id=&quot;inicio&quot;&gt;
          &lt;div class=&quot;main-image&quot;&gt;
              &lt;nav&gt;
                  &lt;div class=&quot;nav-bar&quot;&gt;
                      &lt;a href=&quot;#inicio&quot; class=&quot;nav-bar-link&quot;&gt;Inicio&lt;/a&gt;
                      &lt;a href=&quot;#invitacion&quot; class=&quot;nav-bar-link&quot;&gt;Invitación&lt;/a&gt;
                      &lt;a href=&quot;#nuestra-historia&quot; class=&quot;nav-bar-link&quot;&gt;Nuestra Historia&lt;/a&gt;
                      &lt;a href=&quot;#guia-del-evento&quot; class=&quot;nav-bar-link&quot;&gt;Guía del evento&lt;/a&gt;
                      &lt;a href=&quot;#regalos&quot; class=&quot;nav-bar-link&quot;&gt;Mesa de regalos&lt;/a&gt;
                      &lt;a href=&quot;#asistencia&quot; class=&quot;nav-bar-link&quot;&gt;Confirmar asistencia&lt;/a&gt;
                  &lt;/div&gt;
                  &lt;div class=&quot;nav-menu&quot;&gt;
                      &lt;a href=&quot;#inicio&quot; class=&quot;nav-menu-link&quot;&gt;Inicio&lt;/a&gt;
                      &lt;a href=&quot;#invitacion&quot; class=&quot;nav-menu-link&quot;&gt;Invitación&lt;/a&gt;
                      &lt;a href=&quot;#nuestra-historia&quot; class=&quot;nav-menu-link&quot;&gt;Nuestra Historia&lt;/a&gt;
                      &lt;a href=&quot;#guia-del-evento&quot; class=&quot;nav-menu-link&quot;&gt;Guía del evento&lt;/a&gt;
                      &lt;a href=&quot;#regalos&quot; class=&quot;nav-menu-link&quot;&gt;Mesa de regalos&lt;/a&gt;
                      &lt;a href=&quot;#asistencia&quot; class=&quot;nav-menu-link&quot;&gt;Confirmar asistencia&lt;/a&gt;
                  &lt;/div&gt;    
                  &lt;button class=&quot;nav-menu-button&quot;&gt;
                      &lt;i class=&quot;open-menu material-icons&quot;&gt;menu&lt;/i&gt;
                      &lt;i class=&quot;close-menu material-icons&quot;&gt;close&lt;/i&gt;
                  &lt;/button&gt;
              &lt;/nav&gt;
              &lt;div class=&quot;title&quot;&gt;
                  &lt;h1&gt;Citlali y Rodrigo&lt;/h1&gt;
              &lt;/div&gt;
              &lt;div class=&quot;fecha&quot;&gt;
                  &lt;div&gt;&lt;/div&gt;
                  &lt;div&gt;OCTUBRE&lt;/div&gt;
                  &lt;div&gt;&lt;/div&gt;
                  &lt;div&gt;Viernes&lt;/div&gt;
                  &lt;div&gt;4&lt;/div&gt;
                  &lt;div&gt;2024&lt;/div&gt;
              &lt;/div&gt;
              &lt;h3&gt;
                  &lt;a href=&quot;https://maps.app.goo.gl/wtY4m8RsyVJnbnkT6&quot; class=&quot;button-link&quot; target=&quot;_blank&quot;&gt;Salón de eventos Olimpo&lt;/a&gt;
                  &lt;a href=&quot;https://maps.app.goo.gl/ooEGKSdMZrsuBchz5&quot; class=&quot;button-link&quot; target=&quot;_blank&quot;&gt;Parroquia San Pablo&lt;/a&gt;
              &lt;/h3&gt;
              &lt;div id=&quot;countdown&quot;&gt;&lt;/div&gt;
              &lt;div class=&quot;music-player&quot;&gt;
                  &lt;div class=&quot;player-buttons&quot;&gt;
                      &lt;div class=&quot;prev-track&quot; onclick=&quot;prevTrack()&quot;&gt;
                          &lt;i class=&quot;fa fa-step-backward fa-2x&quot;&gt;&lt;/i&gt;
                      &lt;/div&gt;
                      &lt;div class=&quot;playpause-track&quot; onclick=&quot;playpauseTrack()&quot;&gt;
                          &lt;i class=&quot;fa fa-play-circle fa-5x&quot;&gt;&lt;/i&gt;
                      &lt;/div&gt;
                      &lt;div class=&quot;next-track&quot; onclick=&quot;nextTrack()&quot;&gt;
                          &lt;i class=&quot;fa fa-step-forward fa-2x&quot;&gt;&lt;/i&gt;
                      &lt;/div&gt;
                  &lt;/div&gt;
                  &lt;div class=&quot;slider_container&quot;&gt;
                      &lt;div class=&quot;current-time&quot;&gt;00:00&lt;/div&gt;
                      &lt;input type=&quot;range&quot; min=&quot;1&quot; max=&quot;100&quot; value=&quot;0&quot; class=&quot;seek_slider&quot; onchange=&quot;seekTo()&quot;&gt;
                      &lt;div class=&quot;total-duration&quot;&gt;00:00&lt;/div&gt;
                      &lt;i class=&quot;fa fa-volume-down&quot;&gt;&lt;/i&gt;
                      &lt;input type=&quot;range&quot; min=&quot;1&quot; max=&quot;100&quot; value=&quot;99&quot; class=&quot;volume_slider&quot; onchange=&quot;setVolume()&quot;&gt;
                      &lt;i class=&quot;fa fa-volume-up&quot;&gt;&lt;/i&gt;
                  &lt;/div&gt;
              &lt;/div&gt;
          &lt;/div&gt;
      &lt;/header&gt;
      &lt;main&gt;
          &lt;nav class=&quot;nav-dark-font&quot;&gt;
              &lt;div class=&quot;nav-bar&quot;&gt;
                  &lt;a href=&quot;#inicio&quot; class=&quot;nav-bar-link&quot;&gt;Inicio&lt;/a&gt;
                  &lt;a href=&quot;#invitacion&quot; class=&quot;nav-bar-link&quot;&gt;Invitación&lt;/a&gt;
                  &lt;a href=&quot;#nuestra-historia&quot; class=&quot;nav-bar-link&quot;&gt;Nuestra Historia&lt;/a&gt;
                  &lt;a href=&quot;#guia-del-evento&quot; class=&quot;nav-bar-link&quot;&gt;Guía del evento&lt;/a&gt;
                  &lt;a href=&quot;#regalos&quot; class=&quot;nav-bar-link&quot;&gt;Mesa de regalos&lt;/a&gt;
                  &lt;a href=&quot;#asistencia&quot; class=&quot;nav-bar-link&quot;&gt;Confirmar asistencia&lt;/a&gt;
              &lt;/div&gt;    
          &lt;/nav&gt;
          &lt;section id=&quot;invitacion&quot; class=&quot;light-section&quot;&gt;
              &lt;p class=&quot;quote&quot;&gt;&quot;Las mejores cosas de la vida merecen ser compartidas,&lt;/p&gt;
              &lt;p class=&quot;quote&quot;&gt;gracias por celebrar con nosotros&quot;&lt;/p&gt;
              &lt;div id=&quot;invite&quot;&gt;
                  &lt;div&gt;
                      &lt;h3&gt;En compañía de nuestros padres&lt;/h3&gt;
                      &lt;p class=&quot;gente-importante&quot;&gt;Ricardo Uribe Ruiz&lt;/p&gt;
                      &lt;p class=&quot;gente-importante&quot;&gt;Patricia Vega Vidal&lt;/p&gt;
                      &lt;hr&gt;
                      &lt;p class=&quot;gente-importante&quot;&gt;Oscar Ramírez Ramírez&lt;/p&gt;
                      &lt;p class=&quot;gente-importante&quot;&gt;Leticia Barajas Quiñones&lt;/p&gt;
                      &lt;h3&gt;Y nuestros padrinos&lt;/h3&gt;
                      &lt;p class=&quot;gente-importante&quot;&gt;Mauro Salvador Macías Esparza&lt;/p&gt;
                      &lt;p class=&quot;gente-importante&quot;&gt;Mercedes Cornejo Jauregui&lt;/p&gt;
                      &lt;h3&gt;Nosotros,&lt;/h3&gt;
                      &lt;p class=&quot;brides&quot;&gt;Citlali y Rodrigo&lt;/p&gt;
                      &lt;h3&gt;Deseamos compartir con ustedes&lt;/h3&gt;
                      &lt;h3&gt;la alegría de nuestro matrimonio&lt;/h3&gt;
                  &lt;/div&gt;
              &lt;/div&gt;
          &lt;/section&gt;
          &lt;section id=&quot;nuestra-historia&quot; class=&quot;dark-section&quot;&gt;
              &lt;div id=&quot;gallery&quot;&gt;
                  &lt;div class=&quot;gallery-column&quot;&gt;                    
                      &lt;figure class=&quot;gallery-pic&quot; id=&quot;fig1&quot;&gt;
                          &lt;figcaption&gt;&lt;/figcaption&gt;
                          &lt;img src=&quot;img/gallery/g1.jpg&quot; alt=&quot;&quot;&gt;
                      &lt;/figure&gt; 
                      &lt;figure class=&quot;gallery-pic&quot; id=&quot;fig2&quot;&gt;
                          &lt;figcaption&gt;&lt;/figcaption&gt;
                          &lt;img src=&quot;img/gallery/g2.jpg&quot; alt=&quot;&quot;&gt;
                      &lt;/figure&gt;
                      &lt;figure class=&quot;gallery-pic&quot; id=&quot;fig3&quot;&gt;
                          &lt;figcaption&gt;&lt;/figcaption&gt;
                          &lt;img src=&quot;img/gallery/g3.jpg&quot; alt=&quot;&quot;&gt;
                      &lt;/figure&gt; 
                      &lt;figure class=&quot;gallery-pic&quot; id=&quot;fig4&quot;&gt;
                          &lt;figcaption&gt;&lt;/figcaption&gt;
                          &lt;img src=&quot;img/gallery/g4.jpg&quot; alt=&quot;&quot;&gt;
                      &lt;/figure&gt;
                  &lt;/div&gt;
                  &lt;div class=&quot;gallery-column&quot;&gt;
                      &lt;figure class=&quot;gallery-pic&quot; id=&quot;fig5&quot;&gt;
                          &lt;figcaption&gt;&lt;/figcaption&gt;
                          &lt;img src=&quot;img/gallery/g5.jpg&quot; alt=&quot;&quot;&gt;
                      &lt;/figure&gt;  
                      &lt;figure class=&quot;gallery-pic&quot; id=&quot;fig6&quot;&gt;
                          &lt;figcaption&gt;&lt;/figcaption&gt;
                          &lt;img src=&quot;img/gallery/g6.jpg&quot; alt=&quot;&quot;&gt;
                      &lt;/figure&gt;
                      &lt;figure class=&quot;gallery-pic&quot; id=&quot;fig7&quot;&gt;
                          &lt;figcaption&gt;&lt;/figcaption&gt;
                          &lt;img src=&quot;img/gallery/g7.jpg&quot; alt=&quot;&quot;&gt;
                      &lt;/figure&gt;
                  &lt;/div&gt;
                  &lt;div class=&quot;gallery-column&quot;&gt;                    
                      &lt;figure class=&quot;gallery-pic&quot; id=&quot;fig8&quot;&gt;
                          &lt;figcaption&gt;&lt;/figcaption&gt;
                          &lt;img src=&quot;img/gallery/g8.jpg&quot; alt=&quot;&quot;&gt;
                      &lt;/figure&gt;
                      &lt;figure class=&quot;gallery-pic&quot; id=&quot;fig9&quot;&gt;
                          &lt;figcaption&gt;&lt;/figcaption&gt;
                          &lt;img src=&quot;img/gallery/g9.jpg&quot; alt=&quot;&quot;&gt;
                      &lt;/figure&gt; 
                      &lt;figure class=&quot;gallery-pic&quot; id=&quot;fig10&quot;&gt;
                          &lt;figcaption&gt;&lt;/figcaption&gt;
                          &lt;img src=&quot;img/gallery/g10.jpg&quot; alt=&quot;&quot;&gt;
                      &lt;/figure&gt;
                      &lt;figure class=&quot;gallery-pic&quot; id=&quot;fig11&quot;&gt;
                          &lt;figcaption&gt;&lt;/figcaption&gt;
                          &lt;img src=&quot;img/gallery/g11.jpg&quot; alt=&quot;&quot;&gt;
                      &lt;/figure&gt;
                  &lt;/div&gt;                         
              &lt;/div&gt;
          &lt;/section&gt;
          &lt;section id=&quot;guia-del-evento&quot; class=&quot;light-section&quot;&gt;
              &lt;div id=&quot;timeline&quot;&gt;
                  &lt;div class=&quot;event&quot;&gt;
                      &lt;div class=&quot;event-description&quot;&gt;
                          &lt;h2&gt;7:00 PM&lt;/h2&gt;
                          &lt;p&gt;Ceremonia&lt;/p&gt;
                      &lt;/div&gt;
                      &lt;div&gt;&lt;/div&gt;&lt;div class=&quot;middle-line circle-left&quot;&gt;
                      &lt;/div&gt;&lt;div&gt;&lt;/div&gt;
                  &lt;/div&gt;        
                  &lt;div class=&quot;middle-line&quot;&gt;&lt;/div&gt;
                  &lt;div class=&quot;event-icon icon-right&quot;&gt;
                      &lt;img src=&quot;./img/icons/church.png&quot; alt=&quot;&quot;&gt;
                  &lt;/div&gt;
                  &lt;div class=&quot;event-icon icon-left&quot;&gt;
                      &lt;img src=&quot;./img/icons/photo.png&quot; alt=&quot;&quot;&gt;
                  &lt;/div&gt;
                  &lt;div class=&quot;middle-line&quot;&gt;&lt;/div&gt;
                  &lt;div class=&quot;event&quot;&gt;
                      &lt;div&gt;&lt;/div&gt;&lt;div class=&quot;middle-line circle-right&quot;&gt;
                      &lt;/div&gt;&lt;div&gt;&lt;/div&gt;  
                      &lt;div class=&quot;event-description right-text&quot;&gt;
                          &lt;h2&gt;8:30 PM&lt;/h2&gt;
                          &lt;p&gt;Fotografías&lt;/p&gt; 
                      &lt;/div&gt;                                     
                  &lt;/div&gt;
                  &lt;div class=&quot;event&quot;&gt;
                      &lt;div class=&quot;event-description&quot;&gt;
                          &lt;h2&gt;9:00 PM&lt;/h2&gt;
                          &lt;p&gt;Cocktail&lt;/p&gt;
                      &lt;/div&gt;
                      &lt;div&gt;&lt;/div&gt;&lt;div class=&quot;middle-line circle-left&quot;&gt;
                      &lt;/div&gt;&lt;div&gt;&lt;/div&gt;
                  &lt;/div&gt;
                  &lt;div class=&quot;middle-line&quot;&gt;&lt;/div&gt;
                  &lt;div class=&quot;event-icon icon-right&quot;&gt;
                      &lt;img src=&quot;./img/icons/cocktail.png&quot; alt=&quot;&quot;&gt;
                  &lt;/div&gt;
                  &lt;div class=&quot;event-icon icon-left&quot;&gt;
                      &lt;img src=&quot;./img/icons/brides.png&quot; alt=&quot;&quot;&gt;
                  &lt;/div&gt;
                  &lt;div class=&quot;middle-line&quot;&gt;&lt;/div&gt;
                  &lt;div class=&quot;event&quot;&gt;
                      &lt;div&gt;&lt;/div&gt;&lt;div class=&quot;middle-line circle-right&quot;&gt;
                      &lt;/div&gt;&lt;div&gt;&lt;/div&gt;
                      &lt;div class=&quot;event-description right-text&quot;&gt;
                          &lt;h2&gt;9:30 PM&lt;/h2&gt;
                          &lt;p&gt;Entrada de novios&lt;/p&gt;
                      &lt;/div&gt;                    
                  &lt;/div&gt;
                  &lt;div class=&quot;event&quot;&gt;
                      &lt;div class=&quot;event-description&quot;&gt;
                          &lt;h2&gt;9:45 PM&lt;/h2&gt;
                          &lt;p&gt;Primer baile&lt;/p&gt;
                      &lt;/div&gt;
                      &lt;div&gt;&lt;/div&gt;&lt;div class=&quot;middle-line circle-left&quot;&gt;
                      &lt;/div&gt;&lt;div&gt;&lt;/div&gt;
                  &lt;/div&gt;
                  &lt;div class=&quot;middle-line&quot;&gt;&lt;/div&gt;
                  &lt;div class=&quot;event-icon icon-right&quot;&gt;
                      &lt;img src=&quot;./img/icons/waltz.png&quot; alt=&quot;&quot;&gt;
                  &lt;/div&gt;
                  &lt;div class=&quot;event-icon icon-left&quot;&gt;
                      &lt;img src=&quot;./img/icons/dinner.png&quot; alt=&quot;&quot;&gt;
                  &lt;/div&gt;
                  &lt;div class=&quot;middle-line&quot;&gt;&lt;/div&gt;
                  &lt;div class=&quot;event&quot;&gt;
                      &lt;div&gt;&lt;/div&gt;&lt;div class=&quot;middle-line circle-right&quot;&gt;
                      &lt;/div&gt;&lt;div&gt;&lt;/div&gt;
                      &lt;div class=&quot;event-description right-text&quot;&gt;
                          &lt;h2&gt;10:00 PM&lt;/h2&gt;
                          &lt;p&gt;Cena&lt;/p&gt;
                      &lt;/div&gt;                    
                  &lt;/div&gt;
                  &lt;div class=&quot;event&quot;&gt;
                      &lt;div class=&quot;event-description&quot;&gt;
                          &lt;h2&gt;11:00 PM&lt;/h2&gt;
                          &lt;p&gt;Party&lt;/p&gt;
                      &lt;/div&gt;
                      &lt;div&gt;&lt;/div&gt;&lt;div class=&quot;middle-line circle-left&quot;&gt;
                      &lt;/div&gt;&lt;div&gt;&lt;/div&gt;
                  &lt;/div&gt;
                  &lt;div class=&quot;middle-line&quot;&gt;&lt;/div&gt;
                  &lt;div class=&quot;event-icon icon-right&quot;&gt;
                      &lt;img src=&quot;./img/icons/party.png&quot; alt=&quot;&quot;&gt;
                  &lt;/div&gt;
              &lt;/div&gt;
          &lt;/section&gt;
          &lt;section id=&quot;vestimenta&quot; class=&quot;dark-section&quot;&gt;
              &lt;img src=&quot;./img/codigo-vestimenta.png&quot; alt=&quot;&quot;&gt;
              &lt;h1&gt;Código de vestimenta formal&lt;/h1&gt;
              &lt;h2&gt;Mujeres vestido largo&lt;/h2&gt;
              &lt;h2&gt;Hombres de traje&lt;/h2&gt;
          &lt;/section&gt;
          &lt;section id=&quot;regalos&quot; class=&quot;light-section&quot;&gt;
              &lt;div class=&quot;gift-container&quot;&gt;
                  &lt;div class=&quot;gifts-icon&quot;&gt;
                      &lt;img src=&quot;./img/icons/gift.png&quot; alt=&quot;&quot;&gt;
                  &lt;/div&gt;
                  &lt;a href=&quot;https://mesaderegalos.liverpool.com.mx/milistaderegalos/51336295&quot; class=&quot;gift-account-icon&quot;&gt;
                      &lt;img src=&quot;./img/icons/liverpool.png&quot; alt=&quot;&quot;&gt;
                  &lt;/a&gt;
                  &lt;a href=&quot;https://mesaderegalos.liverpool.com.mx/milistaderegalos/51336295&quot; class=&quot;gift-account-text&quot;&gt;
                      Número del evento: 51336295
                  &lt;/a&gt;
                  &lt;div class=&quot;gifts-icon&quot;&gt;
                      &lt;img src=&quot;./img/icons/gift.png&quot; alt=&quot;&quot;&gt;
                  &lt;/div&gt;
                  &lt;a href=&quot;https://www.amazon.com.mx/wedding/registry/3JCAZ15Q7ZQOW&quot; class=&quot;gift-account-icon&quot;&gt;
                      &lt;img src=&quot;./img/icons/amazon.png&quot; alt=&quot;&quot;&gt;
                  &lt;/a&gt;
                  &lt;a href=&quot;https://www.amazon.com.mx/wedding/registry/3JCAZ15Q7ZQOW&quot; class=&quot;gift-account-text&quot;&gt;
                      Lista de regalos
                  &lt;/a&gt;
              &lt;/div&gt;
              &lt;h1&gt;Mesa de regalos&lt;/h1&gt;
              &lt;p&gt;
                  Tu presencia es nuestro mayor regalo, pero si deseas obsequiarnos algo,
                  ponemos a tu disposición algunas sugerencias
              &lt;/p&gt;
          &lt;/section&gt;
          &lt;section id=&quot;asistencia&quot; class=&quot;dark-section&quot;&gt;
              &lt;h1&gt;Confirma tu asistencia&lt;/h1&gt;
              &lt;form id=&quot;assistance-form&quot; method=&quot;post&quot; action=&quot;/assistants/add&quot;&gt;
                  &lt;fieldset&gt;
                      &lt;label for=&quot;assistant-name&quot;&gt;Nombre de los asistentes&lt;input id=&quot;assistant-name&quot; name=&quot;name&quot; type=&quot;text&quot; placeholder=&quot;Escriba su nombre...&quot; required&gt;&lt;/label&gt;
                      &lt;label for=&quot;assistant-phone&quot;&gt;Teléfono&lt;input id=&quot;assistant-phone&quot; name=&quot;phone&quot; type=&quot;text&quot; placeholder=&quot;Anote su teléfono...&quot; required&gt;&lt;/label&gt;
                      &lt;label for=&quot;assistant-confirmation&quot;&gt;Confirmación
                          &lt;select id=&quot;assistant-confirmation&quot; name=&quot;confirmation&quot; required&gt;
                              &lt;option value=&quot;&quot;&gt;Seleccione...&lt;/option&gt;
                              &lt;option value=&quot;Asistiré&quot;&gt;Asistiré&lt;/option&gt;
                              &lt;option value=&quot;Lo siento, no podremos asistir&quot;&gt;Lo siento, no podremos asistir&lt;/option&gt;
                          &lt;/select&gt;
                      &lt;/label&gt;
                      &lt;label for=&quot;assistant-message&quot;&gt;Mensaje para los novios
                          &lt;textarea id=&quot;assistant-message&quot; name=&quot;message&quot; rows=&quot;5&quot; cols=&quot;30&quot; placeholder=&quot;Escriba un mensaje...&quot;&gt;&lt;/textarea&gt;
                      &lt;/label&gt;
                  &lt;/fieldset&gt;
                  &lt;input type=&quot;submit&quot; value=&quot;Enviar&quot;&gt;
              &lt;/form&gt;
          &lt;/section&gt;
      &lt;/main&gt;
  &lt;/body&gt;
  &lt;script src=&quot;./javascript/nav-menu.js&quot;&gt;&lt;/script&gt;
  &lt;script src=&quot;./javascript/countdown.js&quot;&gt;&lt;/script&gt;
  &lt;script src=&quot;./javascript/music-player.js&quot; &gt;&lt;/script&gt;
  &lt;/html&gt;&quot;
	at java.base@21.0.2/jdk.internal.reflect.DirectConstructorHandleAccessor.newInstance(DirectConstructorHandleAccessor.java:62)
	at java.base@21.0.2/java.lang.reflect.Constructor.newInstanceWithCaller(Constructor.java:502)
	at app//LaliServer.HelloControllerIT.getHello(HelloControllerIT.java:21)
	at java.base@21.0.2/jdk.internal.reflect.DirectMethodHandleAccessor.invoke(DirectMethodHandleAccessor.java:103)
	at java.base@21.0.2/java.lang.reflect.Method.invoke(Method.java:580)
	at app//org.junit.platform.commons.util.ReflectionUtils.invokeMethod(ReflectionUtils.java:728)
	at app//org.junit.jupiter.engine.execution.MethodInvocation.proceed(MethodInvocation.java:60)
	at app//org.junit.jupiter.engine.execution.InvocationInterceptorChain$ValidatingInvocation.proceed(InvocationInterceptorChain.java:131)
	at app//org.junit.jupiter.engine.extension.TimeoutExtension.intercept(TimeoutExtension.java:156)
	at app//org.junit.jupiter.engine.extension.TimeoutExtension.interceptTestableMethod(TimeoutExtension.java:147)
	at app//org.junit.jupiter.engine.extension.TimeoutExtension.interceptTestMethod(TimeoutExtension.java:86)
	at app//org.junit.jupiter.engine.execution.InterceptingExecutableInvoker$ReflectiveInterceptorCall.lambda$ofVoidMethod$0(InterceptingExecutableInvoker.java:103)
	at app//org.junit.jupiter.engine.execution.InterceptingExecutableInvoker.lambda$invoke$0(InterceptingExecutableInvoker.java:93)
	at app//org.junit.jupiter.engine.execution.InvocationInterceptorChain$InterceptedInvocation.proceed(InvocationInterceptorChain.java:106)
	at app//org.junit.jupiter.engine.execution.InvocationInterceptorChain.proceed(InvocationInterceptorChain.java:64)
	at app//org.junit.jupiter.engine.execution.InvocationInterceptorChain.chainAndInvoke(InvocationInterceptorChain.java:45)
	at app//org.junit.jupiter.engine.execution.InvocationInterceptorChain.invoke(InvocationInterceptorChain.java:37)
	at app//org.junit.jupiter.engine.execution.InterceptingExecutableInvoker.invoke(InterceptingExecutableInvoker.java:92)
	at app//org.junit.jupiter.engine.execution.InterceptingExecutableInvoker.invoke(InterceptingExecutableInvoker.java:86)
	at app//org.junit.jupiter.engine.descriptor.TestMethodTestDescriptor.lambda$invokeTestMethod$7(TestMethodTestDescriptor.java:218)
	at app//org.junit.platform.engine.support.hierarchical.ThrowableCollector.execute(ThrowableCollector.java:73)
	at app//org.junit.jupiter.engine.descriptor.TestMethodTestDescriptor.invokeTestMethod(TestMethodTestDescriptor.java:214)
	at app//org.junit.jupiter.engine.descriptor.TestMethodTestDescriptor.execute(TestMethodTestDescriptor.java:139)
	at app//org.junit.jupiter.engine.descriptor.TestMethodTestDescriptor.execute(TestMethodTestDescriptor.java:69)
	at app//org.junit.platform.engine.support.hierarchical.NodeTestTask.lambda$executeRecursively$6(NodeTestTask.java:151)
	at app//org.junit.platform.engine.support.hierarchical.ThrowableCollector.execute(ThrowableCollector.java:73)
	at app//org.junit.platform.engine.support.hierarchical.NodeTestTask.lambda$executeRecursively$8(NodeTestTask.java:141)
	at app//org.junit.platform.engine.support.hierarchical.Node.around(Node.java:137)
	at app//org.junit.platform.engine.support.hierarchical.NodeTestTask.lambda$executeRecursively$9(NodeTestTask.java:139)
	at app//org.junit.platform.engine.support.hierarchical.ThrowableCollector.execute(ThrowableCollector.java:73)
	at app//org.junit.platform.engine.support.hierarchical.NodeTestTask.executeRecursively(NodeTestTask.java:138)
	at app//org.junit.platform.engine.support.hierarchical.NodeTestTask.execute(NodeTestTask.java:95)
	at java.base@21.0.2/java.util.ArrayList.forEach(ArrayList.java:1596)
	at app//org.junit.platform.engine.support.hierarchical.SameThreadHierarchicalTestExecutorService.invokeAll(SameThreadHierarchicalTestExecutorService.java:41)
	at app//org.junit.platform.engine.support.hierarchical.NodeTestTask.lambda$executeRecursively$6(NodeTestTask.java:155)
	at app//org.junit.platform.engine.support.hierarchical.ThrowableCollector.execute(ThrowableCollector.java:73)
	at app//org.junit.platform.engine.support.hierarchical.NodeTestTask.lambda$executeRecursively$8(NodeTestTask.java:141)
	at app//org.junit.platform.engine.support.hierarchical.Node.around(Node.java:137)
	at app//org.junit.platform.engine.support.hierarchical.NodeTestTask.lambda$executeRecursively$9(NodeTestTask.java:139)
	at app//org.junit.platform.engine.support.hierarchical.ThrowableCollector.execute(ThrowableCollector.java:73)
	at app//org.junit.platform.engine.support.hierarchical.NodeTestTask.executeRecursively(NodeTestTask.java:138)
	at app//org.junit.platform.engine.support.hierarchical.NodeTestTask.execute(NodeTestTask.java:95)
	at java.base@21.0.2/java.util.ArrayList.forEach(ArrayList.java:1596)
	at app//org.junit.platform.engine.support.hierarchical.SameThreadHierarchicalTestExecutorService.invokeAll(SameThreadHierarchicalTestExecutorService.java:41)
	at app//org.junit.platform.engine.support.hierarchical.NodeTestTask.lambda$executeRecursively$6(NodeTestTask.java:155)
	at app//org.junit.platform.engine.support.hierarchical.ThrowableCollector.execute(ThrowableCollector.java:73)
	at app//org.junit.platform.engine.support.hierarchical.NodeTestTask.lambda$executeRecursively$8(NodeTestTask.java:141)
	at app//org.junit.platform.engine.support.hierarchical.Node.around(Node.java:137)
	at app//org.junit.platform.engine.support.hierarchical.NodeTestTask.lambda$executeRecursively$9(NodeTestTask.java:139)
	at app//org.junit.platform.engine.support.hierarchical.ThrowableCollector.execute(ThrowableCollector.java:73)
	at app//org.junit.platform.engine.support.hierarchical.NodeTestTask.executeRecursively(NodeTestTask.java:138)
	at app//org.junit.platform.engine.support.hierarchical.NodeTestTask.execute(NodeTestTask.java:95)
	at app//org.junit.platform.engine.support.hierarchical.SameThreadHierarchicalTestExecutorService.submit(SameThreadHierarchicalTestExecutorService.java:35)
	at app//org.junit.platform.engine.support.hierarchical.HierarchicalTestExecutor.execute(HierarchicalTestExecutor.java:57)
	at app//org.junit.platform.engine.support.hierarchical.HierarchicalTestEngine.execute(HierarchicalTestEngine.java:54)
	at app//org.junit.platform.launcher.core.EngineExecutionOrchestrator.execute(EngineExecutionOrchestrator.java:107)
	at app//org.junit.platform.launcher.core.EngineExecutionOrchestrator.execute(EngineExecutionOrchestrator.java:88)
	at app//org.junit.platform.launcher.core.EngineExecutionOrchestrator.lambda$execute$0(EngineExecutionOrchestrator.java:54)
	at app//org.junit.platform.launcher.core.EngineExecutionOrchestrator.withInterceptedStreams(EngineExecutionOrchestrator.java:67)
	at app//org.junit.platform.launcher.core.EngineExecutionOrchestrator.execute(EngineExecutionOrchestrator.java:52)
	at app//org.junit.platform.launcher.core.DefaultLauncher.execute(DefaultLauncher.java:114)
	at app//org.junit.platform.launcher.core.DefaultLauncher.execute(DefaultLauncher.java:86)
	at app//org.junit.platform.launcher.core.DefaultLauncherSession$DelegatingLauncher.execute(DefaultLauncherSession.java:86)
	at org.gradle.api.internal.tasks.testing.junitplatform.JUnitPlatformTestClassProcessor$CollectAllTestClassesExecutor.processAllTestClasses(JUnitPlatformTestClassProcessor.java:119)
	at org.gradle.api.internal.tasks.testing.junitplatform.JUnitPlatformTestClassProcessor$CollectAllTestClassesExecutor.access$000(JUnitPlatformTestClassProcessor.java:94)
	at org.gradle.api.internal.tasks.testing.junitplatform.JUnitPlatformTestClassProcessor.stop(JUnitPlatformTestClassProcessor.java:89)
	at org.gradle.api.internal.tasks.testing.SuiteTestClassProcessor.stop(SuiteTestClassProcessor.java:62)
	at java.base@21.0.2/jdk.internal.reflect.DirectMethodHandleAccessor.invoke(DirectMethodHandleAccessor.java:103)
	at java.base@21.0.2/java.lang.reflect.Method.invoke(Method.java:580)
	at org.gradle.internal.dispatch.ReflectionDispatch.dispatch(ReflectionDispatch.java:36)
	at org.gradle.internal.dispatch.ReflectionDispatch.dispatch(ReflectionDispatch.java:24)
	at org.gradle.internal.dispatch.ContextClassLoaderDispatch.dispatch(ContextClassLoaderDispatch.java:33)
	at org.gradle.internal.dispatch.ProxyDispatchAdapter$DispatchingInvocationHandler.invoke(ProxyDispatchAdapter.java:94)
	at jdk.proxy1/jdk.proxy1.$Proxy2.stop(Unknown Source)
	at org.gradle.api.internal.tasks.testing.worker.TestWorker$3.run(TestWorker.java:193)
	at org.gradle.api.internal.tasks.testing.worker.TestWorker.executeAndMaintainThreadName(TestWorker.java:129)
	at org.gradle.api.internal.tasks.testing.worker.TestWorker.execute(TestWorker.java:100)
	at org.gradle.api.internal.tasks.testing.worker.TestWorker.execute(TestWorker.java:60)
	at org.gradle.process.internal.worker.child.ActionExecutionWorker.execute(ActionExecutionWorker.java:56)
	at org.gradle.process.internal.worker.child.SystemApplicationClassLoaderWorker.call(SystemApplicationClassLoaderWorker.java:113)
	at org.gradle.process.internal.worker.child.SystemApplicationClassLoaderWorker.call(SystemApplicationClassLoaderWorker.java:65)
	at app//worker.org.gradle.process.internal.worker.GradleWorkerMain.run(GradleWorkerMain.java:69)
	at app//worker.org.gradle.process.internal.worker.GradleWorkerMain.main(GradleWorkerMain.java:74)
</failure>
  </testcase>
  <system-out><![CDATA[13:55:31.213 [Test worker] INFO org.springframework.test.context.support.AnnotationConfigContextLoaderUtils -- Could not detect default configuration classes for test class [LaliServer.HelloControllerIT]: HelloControllerIT does not declare any static, non-private, non-final, nested classes annotated with @Configuration.
13:55:31.328 [Test worker] INFO org.springframework.boot.test.context.SpringBootTestContextBootstrapper -- Found @SpringBootConfiguration LaliServer.Application for test class LaliServer.HelloControllerIT

  .   ____          _            __ _ _
 /\\ / ___'_ __ _ _(_)_ __  __ _ \ \ \ \
( ( )\___ | '_ | '_| | '_ \/ _` | \ \ \ \
 \\/  ___)| |_)| | | | | || (_| |  ) ) ) )
  '  |____| .__|_| |_|_| |_\__, | / / / /
 =========|_|==============|___/=/_/_/_/
 :: Spring Boot ::                (v3.2.3)

2024-03-29T13:55:31.835-06:00  INFO 23020 --- [    Test worker] LaliServer.HelloControllerIT             : Starting HelloControllerIT using Java 21.0.2 with PID 23020 (started by ingur in C:\Users\ingur\Codes\Lali)
2024-03-29T13:55:31.837-06:00  INFO 23020 --- [    Test worker] LaliServer.HelloControllerIT             : No active profile set, falling back to 1 default profile: "default"
2024-03-29T13:55:33.072-06:00  INFO 23020 --- [    Test worker] .s.d.r.c.RepositoryConfigurationDelegate : Bootstrapping Spring Data JPA repositories in DEFAULT mode.
2024-03-29T13:55:33.121-06:00  INFO 23020 --- [    Test worker] .s.d.r.c.RepositoryConfigurationDelegate : Finished Spring Data repository scanning in 38 ms. Found 1 JPA repository interface.
2024-03-29T13:55:34.129-06:00  INFO 23020 --- [    Test worker] o.s.b.w.embedded.tomcat.TomcatWebServer  : Tomcat initialized with port 0 (http)
2024-03-29T13:55:34.143-06:00  INFO 23020 --- [    Test worker] o.apache.catalina.core.StandardService   : Starting service [Tomcat]
2024-03-29T13:55:34.144-06:00  INFO 23020 --- [    Test worker] o.apache.catalina.core.StandardEngine    : Starting Servlet engine: [Apache Tomcat/10.1.19]
2024-03-29T13:55:34.237-06:00  INFO 23020 --- [    Test worker] o.a.c.c.C.[Tomcat].[localhost].[/]       : Initializing Spring embedded WebApplicationContext
2024-03-29T13:55:34.238-06:00  INFO 23020 --- [    Test worker] w.s.c.ServletWebServerApplicationContext : Root WebApplicationContext: initialization completed in 2363 ms
2024-03-29T13:55:34.693-06:00  INFO 23020 --- [    Test worker] o.hibernate.jpa.internal.util.LogHelper  : HHH000204: Processing PersistenceUnitInfo [name: default]
2024-03-29T13:55:34.807-06:00  INFO 23020 --- [    Test worker] org.hibernate.Version                    : HHH000412: Hibernate ORM core version 6.4.4.Final
2024-03-29T13:55:34.866-06:00  INFO 23020 --- [    Test worker] o.h.c.internal.RegionFactoryInitiator    : HHH000026: Second-level cache disabled
2024-03-29T13:55:35.270-06:00  INFO 23020 --- [    Test worker] o.s.o.j.p.SpringPersistenceUnitInfo      : No LoadTimeWeaver setup: ignoring JPA class transformer
2024-03-29T13:55:35.325-06:00  INFO 23020 --- [    Test worker] com.zaxxer.hikari.HikariDataSource       : HikariPool-1 - Starting...
2024-03-29T13:55:35.774-06:00  INFO 23020 --- [    Test worker] com.zaxxer.hikari.pool.HikariPool        : HikariPool-1 - Added connection com.mysql.cj.jdbc.ConnectionImpl@45753c22
2024-03-29T13:55:35.776-06:00  INFO 23020 --- [    Test worker] com.zaxxer.hikari.HikariDataSource       : HikariPool-1 - Start completed.
2024-03-29T13:55:36.824-06:00  INFO 23020 --- [    Test worker] o.h.e.t.j.p.i.JtaPlatformInitiator       : HHH000489: No JTA platform available (set 'hibernate.transaction.jta.platform' to enable JTA platform integration)
2024-03-29T13:55:36.863-06:00  INFO 23020 --- [    Test worker] j.LocalContainerEntityManagerFactoryBean : Initialized JPA EntityManagerFactory for persistence unit 'default'
2024-03-29T13:55:37.324-06:00  WARN 23020 --- [    Test worker] JpaBaseConfiguration$JpaWebConfiguration : spring.jpa.open-in-view is enabled by default. Therefore, database queries may be performed during view rendering. Explicitly configure spring.jpa.open-in-view to disable this warning
2024-03-29T13:55:37.370-06:00  INFO 23020 --- [    Test worker] o.s.b.a.w.s.WelcomePageHandlerMapping    : Adding welcome page: class path resource [static/index.html]
2024-03-29T13:55:38.168-06:00  INFO 23020 --- [    Test worker] o.s.b.a.e.web.EndpointLinksResolver      : Exposing 1 endpoint(s) beneath base path '/actuator'
2024-03-29T13:55:38.274-06:00  INFO 23020 --- [    Test worker] o.s.b.w.embedded.tomcat.TomcatWebServer  : Tomcat started on port 61612 (http) with context path ''
2024-03-29T13:55:38.286-06:00  INFO 23020 --- [    Test worker] LaliServer.HelloControllerIT             : Started HelloControllerIT in 6.748 seconds (process running for 8.122)
2024-03-29T13:55:39.084-06:00  INFO 23020 --- [o-auto-1-exec-1] o.a.c.c.C.[Tomcat].[localhost].[/]       : Initializing Spring DispatcherServlet 'dispatcherServlet'
2024-03-29T13:55:39.085-06:00  INFO 23020 --- [o-auto-1-exec-1] o.s.web.servlet.DispatcherServlet        : Initializing Servlet 'dispatcherServlet'
2024-03-29T13:55:39.086-06:00  INFO 23020 --- [o-auto-1-exec-1] o.s.web.servlet.DispatcherServlet        : Completed initialization in 1 ms
]]></system-out>
  <system-err><![CDATA[WARNING: A Java agent has been loaded dynamically (C:\Users\ingur\.gradle\caches\modules-2\files-2.1\net.bytebuddy\byte-buddy-agent\1.14.12\be4984cb6fd1ef1d11f218a648889dfda44b8a15\byte-buddy-agent-1.14.12.jar)
WARNING: If a serviceability tool is in use, please run with -XX:+EnableDynamicAgentLoading to hide this warning
WARNING: If a serviceability tool is not in use, please run with -Djdk.instrument.traceUsage for more information
WARNING: Dynamic loading of agents will be disallowed by default in a future release
]]></system-err>
</testsuite>
